


ARM Macro Assembler    Page 1 


    1 00000000         ;/******************************************************
                       ***********************/
    2 00000000         ;/* STM32F10x.s: Startup file for ST STM32F10x device se
                       ries                  */
    3 00000000         ;/******************************************************
                       ***********************/
    4 00000000         ;/* <<< Use Configuration Wizard in Context Menu >>>    
                                             */
    5 00000000         ;/******************************************************
                       ***********************/
    6 00000000         ;/* This file is part of the uVision/ARM development too
                       ls.                   */
    7 00000000         ;/* Copyright (c) 2005-2007 Keil Software. All rights re
                       served.               */
    8 00000000         ;/* This software may only be used under the terms of a 
                       valid, current,       */
    9 00000000         ;/* end user licence from KEIL for a compatible version 
                       of KEIL software      */
   10 00000000         ;/* development tools. Nothing else gives you the right 
                       to use this software. */
   11 00000000         ;/******************************************************
                       ***********************/
   12 00000000         
   13 00000000         
   14 00000000         ;// <h> Stack Configuration
   15 00000000         ;//   <o> Stack Size (in Bytes) <0x0-0xFFFFFFFF:8>
   16 00000000         ;// </h>
   17 00000000         
   18 00000000 00000400 
                       Stack_Size
                               EQU              0x00000400
   19 00000000         
   20 00000000                 AREA             STACK, NOINIT, READWRITE, ALIGN
=3
   21 00000000         Stack_Mem
                               SPACE            Stack_Size
   22 00000400         __initial_sp
   23 00000400         
   24 00000400         
   25 00000400         ;// <h> Heap Configuration
   26 00000400         ;//   <o>  Heap Size (in Bytes) <0x0-0xFFFFFFFF:8>
   27 00000400         ;// </h>
   28 00000400         
   29 00000400 00000200 
                       Heap_Size
                               EQU              0x00000200
   30 00000400         
   31 00000400                 AREA             HEAP, NOINIT, READWRITE, ALIGN=
3
   32 00000000         __heap_base
   33 00000000         Heap_Mem
                               SPACE            Heap_Size
   34 00000200         __heap_limit
   35 00000200         
   36 00000200                 IMPORT           xPortPendSVHandler
   37 00000200                 IMPORT           xPortSysTickHandler
   38 00000200                 IMPORT           vPortSVCHandler
   39 00000200                 IMPORT           vUARTInterruptHandler
   40 00000200         ;IMPORT vTimer2IntHandler



ARM Macro Assembler    Page 2 


   41 00000200         
   42 00000200                 PRESERVE8
   43 00000200                 THUMB
   44 00000200         
   45 00000200         
   46 00000200         ; Vector Table Mapped to Address 0 at Reset
   47 00000200         
   48 00000200                 AREA             RESET, DATA, READONLY
   49 00000000                 EXPORT           __Vectors
   50 00000000                 EXPORT           __Vectors_End
   51 00000000                 EXPORT           __Vectors_Size
   52 00000000         
   53 00000000 00000000 
                       __Vectors
                               DCD              __initial_sp ; Top of Stack
   54 00000004 00000000        DCD              Reset_Handler ; Reset Handler
   55 00000008 00000000        DCD              NMI_Handler ; NMI Handler
   56 0000000C 00000000        DCD              HardFault_Handler ; Hard Fault 
                                                            Handler
   57 00000010 00000000        DCD              MemManage_Handler 
                                                            ; MPU Fault Handler
                                                            
   58 00000014 00000000        DCD              BusFault_Handler 
                                                            ; Bus Fault Handler
                                                            
   59 00000018 00000000        DCD              UsageFault_Handler ; Usage Faul
                                                            t Handler
   60 0000001C 00000000        DCD              0           ; Reserved
   61 00000020 00000000        DCD              0           ; Reserved
   62 00000024 00000000        DCD              0           ; Reserved
   63 00000028 00000000        DCD              0           ; Reserved
   64 0000002C 00000000        DCD              vPortSVCHandler 
                                                            ; SVCall Handler
   65 00000030 00000000        DCD              DebugMon_Handler ; Debug Monito
                                                            r Handler
   66 00000034 00000000        DCD              0           ; Reserved
   67 00000038 00000000        DCD              xPortPendSVHandler 
                                                            ; PendSV Handler
   68 0000003C 00000000        DCD              xPortSysTickHandler 
                                                            ; SysTick Handler
   69 00000040         
   70 00000040         ; External Interrupts
   71 00000040 00000000        DCD              WWDG_IRQHandler 
                                                            ; Window Watchdog
   72 00000044 00000000        DCD              PVD_IRQHandler ; PVD through EX
                                                            TI Line detect
   73 00000048 00000000        DCD              TAMPER_IRQHandler ; Tamper
   74 0000004C 00000000        DCD              RTC_IRQHandler ; RTC
   75 00000050 00000000        DCD              FLASH_IRQHandler ; Flash
   76 00000054 00000000        DCD              RCC_IRQHandler ; RCC
   77 00000058 00000000        DCD              EXTI0_IRQHandler ; EXTI Line 0
   78 0000005C 00000000        DCD              EXTI1_IRQHandler ; EXTI Line 1
   79 00000060 00000000        DCD              EXTI2_IRQHandler ; EXTI Line 2
   80 00000064 00000000        DCD              EXTI3_IRQHandler ; EXTI Line 3
   81 00000068 00000000        DCD              EXTI4_IRQHandler ; EXTI Line 4
   82 0000006C 00000000        DCD              DMAChannel1_IRQHandler 
                                                            ; DMA Channel 1
   83 00000070 00000000        DCD              DMAChannel2_IRQHandler 
                                                            ; DMA Channel 2



ARM Macro Assembler    Page 3 


   84 00000074 00000000        DCD              DMAChannel3_IRQHandler 
                                                            ; DMA Channel 3
   85 00000078 00000000        DCD              DMAChannel4_IRQHandler 
                                                            ; DMA Channel 4
   86 0000007C 00000000        DCD              DMAChannel5_IRQHandler 
                                                            ; DMA Channel 5
   87 00000080 00000000        DCD              DMAChannel6_IRQHandler 
                                                            ; DMA Channel 6
   88 00000084 00000000        DCD              DMAChannel7_IRQHandler 
                                                            ; DMA Channel 7
   89 00000088 00000000        DCD              ADC_IRQHandler ; ADC
   90 0000008C 00000000        DCD              USB_HP_CAN_TX_IRQHandler ; USB 
                                                            High Priority or CA
                                                            N TX
   91 00000090 00000000        DCD              USB_LP_CAN_RX0_IRQHandler ; USB
                                                             Low  Priority or C
                                                            AN RX0
   92 00000094 00000000        DCD              CAN_RX1_IRQHandler ; CAN RX1
   93 00000098 00000000        DCD              CAN_SCE_IRQHandler ; CAN SCE
   94 0000009C 00000000        DCD              EXTI9_5_IRQHandler 
                                                            ; EXTI Line 9..5
   95 000000A0 00000000        DCD              TIM1_BRK_IRQHandler 
                                                            ; TIM1 Break
   96 000000A4 00000000        DCD              TIM1_UP_IRQHandler 
                                                            ; TIM1 Update
   97 000000A8 00000000        DCD              TIM1_TRG_COM_IRQHandler ; TIM1 
                                                            Trigger and Commuta
                                                            tion
   98 000000AC 00000000        DCD              TIM1_CC_IRQHandler ; TIM1 Captu
                                                            re Compare
   99 000000B0         ;
  100 000000B0 00000000        DCD              0           ;vTimer2IntHandler 
                                                                    ; TIM2
  101 000000B4 00000000        DCD              TIM3_IRQHandler ; TIM3
  102 000000B8 00000000        DCD              TIM4_IRQHandler ; TIM4
  103 000000BC 00000000        DCD              I2C1_EV_IRQHandler ; I2C1 Event
                                                            
  104 000000C0 00000000        DCD              I2C1_ER_IRQHandler ; I2C1 Error
                                                            
  105 000000C4 00000000        DCD              I2C2_EV_IRQHandler ; I2C2 Event
                                                            
  106 000000C8 00000000        DCD              I2C2_ER_IRQHandler ; I2C2 Error
                                                            
  107 000000CC 00000000        DCD              SPI1_IRQHandler ; SPI1
  108 000000D0 00000000        DCD              SPI2_IRQHandler ; SPI2
  109 000000D4 00000000        DCD              vUARTInterruptHandler ; USART1
  110 000000D8 00000000        DCD              USART2_IRQHandler ; USART2
  111 000000DC 00000000        DCD              USART3_IRQHandler ; USART3
  112 000000E0 00000000        DCD              EXTI15_10_IRQHandler 
                                                            ; EXTI Line 15..10
  113 000000E4 00000000        DCD              RTCAlarm_IRQHandler ; RTC Alarm
                                                             through EXTI Line
  114 000000E8 00000000        DCD              USBWakeUp_IRQHandler ; USB Wake
                                                            up from suspend
  115 000000EC         
  116 000000EC         ;-------------------added by sunq@2017.08.1
  117 000000EC 00000000        DCD              0           ; Reserved
  118 000000F0 00000000        DCD              0           ; Reserved
  119 000000F4 00000000        DCD              0           ; Reserved



ARM Macro Assembler    Page 4 


  120 000000F8 00000000        DCD              0           ; Reserved
  121 000000FC 00000000        DCD              0           ; Reserved
  122 00000100 00000000        DCD              0           ; Reserved
  123 00000104 00000000        DCD              0           ; Reserved
  124 00000108 00000000        DCD              TIM5_IRQHandler ; TIM5
  125 0000010C 00000000        DCD              SPI3_IRQHandler ; SPI3
  126 00000110 00000000        DCD              UART4_IRQHandler ; UART4
  127 00000114 00000000        DCD              UART5_IRQHandler ; UART5
  128 00000118 00000000        DCD              TIM6_IRQHandler ; TIM6
  129 0000011C 00000000        DCD              TIM7_IRQHandler ; TIM7
  130 00000120 00000000        DCD              DMA2_Channel1_IRQHandler 
                                                            ; DMA2 Channel1
  131 00000124 00000000        DCD              DMA2_Channel2_IRQHandler 
                                                            ; DMA2 Channel2
  132 00000128 00000000        DCD              DMA2_Channel3_IRQHandler 
                                                            ; DMA2 Channel3
  133 0000012C 00000000        DCD              DMA2_Channel4_IRQHandler 
                                                            ; DMA2 Channel4
  134 00000130 00000000        DCD              DMA2_Channel5_IRQHandler 
                                                            ; DMA2 Channel5
  135 00000134 00000000        DCD              ETH_IRQHandler ; Ethernet
  136 00000138 00000000        DCD              ETH_WKUP_IRQHandler ; Ethernet 
                                                            Wakeup through EXTI
                                                             line
  137 0000013C 00000000        DCD              CAN2_TX_IRQHandler ; CAN2 TX
  138 00000140 00000000        DCD              CAN2_RX0_IRQHandler ; CAN2 RX0
  139 00000144 00000000        DCD              CAN2_RX1_IRQHandler ; CAN2 RX1
  140 00000148 00000000        DCD              CAN2_SCE_IRQHandler ; CAN2 SCE
  141 0000014C 00000000        DCD              OTG_FS_IRQHandler ; USB OTG FS
  142 00000150         __Vectors_End
  143 00000150         
  144 00000150 00000150 
                       __Vectors_Size
                               EQU              __Vectors_End - __Vectors
  145 00000150         
  146 00000150                 AREA             |.text|, CODE, READONLY
  147 00000000         
  148 00000000         ; Reset handler
  149 00000000         Reset_Handler
                               PROC
  150 00000000                 EXPORT           Reset_Handler             [WEAK
]
  151 00000000                 IMPORT           SystemInit
  152 00000000                 IMPORT           __main
  153 00000000 4806            LDR              R0, =SystemInit
  154 00000002 4780            BLX              R0
  155 00000004 4806            LDR              R0, =__main
  156 00000006 4700            BX               R0
  157 00000008                 ENDP
  158 00000008         
  159 00000008         
  160 00000008         ; Dummy Exception Handlers (infinite loops which can be 
                       modified)                
  161 00000008         
  162 00000008         NMI_Handler
                               PROC
  163 00000008                 EXPORT           NMI_Handler               [WEAK
]
  164 00000008 E7FE            B                .



ARM Macro Assembler    Page 5 


  165 0000000A                 ENDP
  167 0000000A         HardFault_Handler
                               PROC
  168 0000000A                 EXPORT           HardFault_Handler         [WEAK
]
  169 0000000A E7FE            B                .
  170 0000000C                 ENDP
  172 0000000C         MemManage_Handler
                               PROC
  173 0000000C                 EXPORT           MemManage_Handler         [WEAK
]
  174 0000000C E7FE            B                .
  175 0000000E                 ENDP
  177 0000000E         BusFault_Handler
                               PROC
  178 0000000E                 EXPORT           BusFault_Handler          [WEAK
]
  179 0000000E E7FE            B                .
  180 00000010                 ENDP
  182 00000010         UsageFault_Handler
                               PROC
  183 00000010                 EXPORT           UsageFault_Handler        [WEAK
]
  184 00000010 E7FE            B                .
  185 00000012                 ENDP
  186 00000012         SVC_Handler
                               PROC
  187 00000012                 EXPORT           SVC_Handler               [WEAK
]
  188 00000012 E7FE            B                .
  189 00000014                 ENDP
  191 00000014         DebugMon_Handler
                               PROC
  192 00000014                 EXPORT           DebugMon_Handler          [WEAK
]
  193 00000014 E7FE            B                .
  194 00000016                 ENDP
  195 00000016         PendSV_Handler
                               PROC
  196 00000016                 EXPORT           PendSV_Handler            [WEAK
]
  197 00000016 E7FE            B                .
  198 00000018                 ENDP
  199 00000018         SysTick_Handler
                               PROC
  200 00000018                 EXPORT           SysTick_Handler           [WEAK
]
  201 00000018 E7FE            B                .
  202 0000001A                 ENDP
  203 0000001A         
  204 0000001A         Default_Handler
                               PROC
  205 0000001A         
  206 0000001A                 EXPORT           WWDG_IRQHandler           [WEAK
]
  207 0000001A                 EXPORT           PVD_IRQHandler            [WEAK
]
  208 0000001A                 EXPORT           TAMPER_IRQHandler         [WEAK
]



ARM Macro Assembler    Page 6 


  209 0000001A                 EXPORT           RTC_IRQHandler            [WEAK
]
  210 0000001A                 EXPORT           FLASH_IRQHandler          [WEAK
]
  211 0000001A                 EXPORT           RCC_IRQHandler            [WEAK
]
  212 0000001A                 EXPORT           EXTI0_IRQHandler          [WEAK
]
  213 0000001A                 EXPORT           EXTI1_IRQHandler          [WEAK
]
  214 0000001A                 EXPORT           EXTI2_IRQHandler          [WEAK
]
  215 0000001A                 EXPORT           EXTI3_IRQHandler          [WEAK
]
  216 0000001A                 EXPORT           EXTI4_IRQHandler          [WEAK
]
  217 0000001A                 EXPORT           DMAChannel1_IRQHandler    [WEAK
]
  218 0000001A                 EXPORT           DMAChannel2_IRQHandler    [WEAK
]
  219 0000001A                 EXPORT           DMAChannel3_IRQHandler    [WEAK
]
  220 0000001A                 EXPORT           DMAChannel4_IRQHandler    [WEAK
]
  221 0000001A                 EXPORT           DMAChannel5_IRQHandler    [WEAK
]
  222 0000001A                 EXPORT           DMAChannel6_IRQHandler    [WEAK
]
  223 0000001A                 EXPORT           DMAChannel7_IRQHandler    [WEAK
]
  224 0000001A                 EXPORT           ADC_IRQHandler            [WEAK
]
  225 0000001A                 EXPORT           USB_HP_CAN_TX_IRQHandler  [WEAK
]
  226 0000001A                 EXPORT           USB_LP_CAN_RX0_IRQHandler [WEAK
]
  227 0000001A                 EXPORT           CAN_RX1_IRQHandler        [WEAK
]
  228 0000001A                 EXPORT           CAN_SCE_IRQHandler        [WEAK
]
  229 0000001A                 EXPORT           EXTI9_5_IRQHandler        [WEAK
]
  230 0000001A                 EXPORT           TIM1_BRK_IRQHandler       [WEAK
]
  231 0000001A                 EXPORT           TIM1_UP_IRQHandler        [WEAK
]
  232 0000001A                 EXPORT           TIM1_TRG_COM_IRQHandler   [WEAK
]
  233 0000001A                 EXPORT           TIM1_CC_IRQHandler        [WEAK
]
  234 0000001A                 EXPORT           TIM2_IRQHandler           [WEAK
]
  235 0000001A                 EXPORT           TIM3_IRQHandler           [WEAK
]
  236 0000001A                 EXPORT           TIM4_IRQHandler           [WEAK
]
  237 0000001A                 EXPORT           I2C1_EV_IRQHandler        [WEAK
]
  238 0000001A                 EXPORT           I2C1_ER_IRQHandler        [WEAK



ARM Macro Assembler    Page 7 


]
  239 0000001A                 EXPORT           I2C2_EV_IRQHandler        [WEAK
]
  240 0000001A                 EXPORT           I2C2_ER_IRQHandler        [WEAK
]
  241 0000001A                 EXPORT           SPI1_IRQHandler           [WEAK
]
  242 0000001A                 EXPORT           SPI2_IRQHandler           [WEAK
]
  243 0000001A                 EXPORT           USART1_IRQHandler         [WEAK
]
  244 0000001A                 EXPORT           USART2_IRQHandler         [WEAK
]
  245 0000001A                 EXPORT           USART3_IRQHandler         [WEAK
]
  246 0000001A                 EXPORT           EXTI15_10_IRQHandler      [WEAK
]
  247 0000001A                 EXPORT           RTCAlarm_IRQHandler       [WEAK
]
  248 0000001A                 EXPORT           USBWakeUp_IRQHandler      [WEAK
]
  249 0000001A         ;-------------added @2017.09.27-------------------------
                       ----
  250 0000001A                 EXPORT           TIM5_IRQHandler            [WEA
K]
  251 0000001A                 EXPORT           SPI3_IRQHandler            [WEA
K]
  252 0000001A                 EXPORT           UART4_IRQHandler           [WEA
K]
  253 0000001A                 EXPORT           UART5_IRQHandler           [WEA
K]
  254 0000001A                 EXPORT           TIM6_IRQHandler            [WEA
K]
  255 0000001A                 EXPORT           TIM7_IRQHandler            [WEA
K]
  256 0000001A                 EXPORT           DMA2_Channel1_IRQHandler   [WEA
K]
  257 0000001A                 EXPORT           DMA2_Channel2_IRQHandler   [WEA
K]
  258 0000001A                 EXPORT           DMA2_Channel3_IRQHandler   [WEA
K]
  259 0000001A                 EXPORT           DMA2_Channel4_IRQHandler   [WEA
K]
  260 0000001A                 EXPORT           DMA2_Channel5_IRQHandler   [WEA
K]
  261 0000001A                 EXPORT           ETH_IRQHandler             [WEA
K]
  262 0000001A                 EXPORT           ETH_WKUP_IRQHandler        [WEA
K]
  263 0000001A                 EXPORT           CAN2_TX_IRQHandler         [WEA
K]
  264 0000001A                 EXPORT           CAN2_RX0_IRQHandler        [WEA
K]
  265 0000001A                 EXPORT           CAN2_RX1_IRQHandler        [WEA
K]
  266 0000001A                 EXPORT           CAN2_SCE_IRQHandler        [WEA
K]
  267 0000001A                 EXPORT           OTG_FS_IRQHandler          [WEA
K]



ARM Macro Assembler    Page 8 


  268 0000001A         
  269 0000001A         
  270 0000001A         WWDG_IRQHandler
  271 0000001A         PVD_IRQHandler
  272 0000001A         TAMPER_IRQHandler
  273 0000001A         RTC_IRQHandler
  274 0000001A         FLASH_IRQHandler
  275 0000001A         RCC_IRQHandler
  276 0000001A         EXTI0_IRQHandler
  277 0000001A         EXTI1_IRQHandler
  278 0000001A         EXTI2_IRQHandler
  279 0000001A         EXTI3_IRQHandler
  280 0000001A         EXTI4_IRQHandler
  281 0000001A         DMAChannel1_IRQHandler
  282 0000001A         DMAChannel2_IRQHandler
  283 0000001A         DMAChannel3_IRQHandler
  284 0000001A         DMAChannel4_IRQHandler
  285 0000001A         DMAChannel5_IRQHandler
  286 0000001A         DMAChannel6_IRQHandler
  287 0000001A         DMAChannel7_IRQHandler
  288 0000001A         ADC_IRQHandler
  289 0000001A         USB_HP_CAN_TX_IRQHandler
  290 0000001A         USB_LP_CAN_RX0_IRQHandler
  291 0000001A         CAN_RX1_IRQHandler
  292 0000001A         CAN_SCE_IRQHandler
  293 0000001A         EXTI9_5_IRQHandler
  294 0000001A         TIM1_BRK_IRQHandler
  295 0000001A         TIM1_UP_IRQHandler
  296 0000001A         TIM1_TRG_COM_IRQHandler
  297 0000001A         TIM1_CC_IRQHandler
  298 0000001A         TIM2_IRQHandler
  299 0000001A         TIM3_IRQHandler
  300 0000001A         TIM4_IRQHandler
  301 0000001A         I2C1_EV_IRQHandler
  302 0000001A         I2C1_ER_IRQHandler
  303 0000001A         I2C2_EV_IRQHandler
  304 0000001A         I2C2_ER_IRQHandler
  305 0000001A         SPI1_IRQHandler
  306 0000001A         SPI2_IRQHandler
  307 0000001A         USART1_IRQHandler
  308 0000001A         USART2_IRQHandler
  309 0000001A         USART3_IRQHandler
  310 0000001A         EXTI15_10_IRQHandler
  311 0000001A         RTCAlarm_IRQHandler
  312 0000001A         USBWakeUp_IRQHandler
  313 0000001A         ;---------added  @2017.09.27--------------------------
  314 0000001A         TIM5_IRQHandler
  315 0000001A         SPI3_IRQHandler
  316 0000001A         UART4_IRQHandler
  317 0000001A         UART5_IRQHandler
  318 0000001A         TIM6_IRQHandler
  319 0000001A         TIM7_IRQHandler
  320 0000001A         DMA2_Channel1_IRQHandler
  321 0000001A         DMA2_Channel2_IRQHandler
  322 0000001A         DMA2_Channel3_IRQHandler
  323 0000001A         DMA2_Channel4_IRQHandler
  324 0000001A         DMA2_Channel5_IRQHandler
  325 0000001A         ETH_IRQHandler
  326 0000001A         ETH_WKUP_IRQHandler



ARM Macro Assembler    Page 9 


  327 0000001A         CAN2_TX_IRQHandler
  328 0000001A         CAN2_RX0_IRQHandler
  329 0000001A         CAN2_RX1_IRQHandler
  330 0000001A         CAN2_SCE_IRQHandler
  331 0000001A         OTG_FS_IRQHandler
  332 0000001A E7FE            B                .
  333 0000001C         
  334 0000001C                 ENDP
  335 0000001C         
  336 0000001C         
  337 0000001C                 ALIGN
  338 0000001C         
  339 0000001C         
  340 0000001C         ; User Initial Stack & Heap
  341 0000001C         
  342 0000001C                 IF               :DEF:__MICROLIB
  343 0000001C         
  344 0000001C                 EXPORT           __initial_sp
  345 0000001C                 EXPORT           __heap_base
  346 0000001C                 EXPORT           __heap_limit
  347 0000001C         
  348 0000001C                 ELSE
  362                          ENDIF
  363 0000001C         
  364 0000001C         
  365 0000001C                 END
              00000000 
              00000000 
Command Line: --debug --xref --cpu=Cortex-M3 --apcs=interwork --depend=..\Outpu
t\STM32F10x.d -o..\Output\STM32F10x.o -Id:\Keil\ARM\RV31\INC -Id:\Keil\ARM\CMSI
S\Include -Id:\Keil\ARM\Inc\ST\STM32F10x --predefine="__MICROLIB SETA 1" --list
=..\Listing\STM32F10x.lst ..\BSP\STM32F10x.s



ARM Macro Assembler    Page 1 Alphabetic symbol ordering
Relocatable symbols

STACK 00000000

Symbol: STACK
   Definitions
      At line 20 in file ..\BSP\STM32F10x.s
   Uses
      None
Comment: STACK unused
Stack_Mem 00000000

Symbol: Stack_Mem
   Definitions
      At line 21 in file ..\BSP\STM32F10x.s
   Uses
      None
Comment: Stack_Mem unused
__initial_sp 00000400

Symbol: __initial_sp
   Definitions
      At line 22 in file ..\BSP\STM32F10x.s
   Uses
      At line 53 in file ..\BSP\STM32F10x.s
      At line 344 in file ..\BSP\STM32F10x.s

3 symbols



ARM Macro Assembler    Page 1 Alphabetic symbol ordering
Relocatable symbols

HEAP 00000000

Symbol: HEAP
   Definitions
      At line 31 in file ..\BSP\STM32F10x.s
   Uses
      None
Comment: HEAP unused
Heap_Mem 00000000

Symbol: Heap_Mem
   Definitions
      At line 33 in file ..\BSP\STM32F10x.s
   Uses
      None
Comment: Heap_Mem unused
__heap_base 00000000

Symbol: __heap_base
   Definitions
      At line 32 in file ..\BSP\STM32F10x.s
   Uses
      At line 345 in file ..\BSP\STM32F10x.s
Comment: __heap_base used once
__heap_limit 00000200

Symbol: __heap_limit
   Definitions
      At line 34 in file ..\BSP\STM32F10x.s
   Uses
      At line 346 in file ..\BSP\STM32F10x.s
Comment: __heap_limit used once
4 symbols



ARM Macro Assembler    Page 1 Alphabetic symbol ordering
Relocatable symbols

RESET 00000000

Symbol: RESET
   Definitions
      At line 48 in file ..\BSP\STM32F10x.s
   Uses
      None
Comment: RESET unused
__Vectors 00000000

Symbol: __Vectors
   Definitions
      At line 53 in file ..\BSP\STM32F10x.s
   Uses
      At line 49 in file ..\BSP\STM32F10x.s
      At line 144 in file ..\BSP\STM32F10x.s

__Vectors_End 00000150

Symbol: __Vectors_End
   Definitions
      At line 142 in file ..\BSP\STM32F10x.s
   Uses
      At line 50 in file ..\BSP\STM32F10x.s
      At line 144 in file ..\BSP\STM32F10x.s

3 symbols



ARM Macro Assembler    Page 1 Alphabetic symbol ordering
Relocatable symbols

.text 00000000

Symbol: .text
   Definitions
      At line 146 in file ..\BSP\STM32F10x.s
   Uses
      None
Comment: .text unused
ADC_IRQHandler 0000001A

Symbol: ADC_IRQHandler
   Definitions
      At line 288 in file ..\BSP\STM32F10x.s
   Uses
      At line 89 in file ..\BSP\STM32F10x.s
      At line 224 in file ..\BSP\STM32F10x.s

BusFault_Handler 0000000E

Symbol: BusFault_Handler
   Definitions
      At line 177 in file ..\BSP\STM32F10x.s
   Uses
      At line 58 in file ..\BSP\STM32F10x.s
      At line 178 in file ..\BSP\STM32F10x.s

CAN2_RX0_IRQHandler 0000001A

Symbol: CAN2_RX0_IRQHandler
   Definitions
      At line 328 in file ..\BSP\STM32F10x.s
   Uses
      At line 138 in file ..\BSP\STM32F10x.s
      At line 264 in file ..\BSP\STM32F10x.s

CAN2_RX1_IRQHandler 0000001A

Symbol: CAN2_RX1_IRQHandler
   Definitions
      At line 329 in file ..\BSP\STM32F10x.s
   Uses
      At line 139 in file ..\BSP\STM32F10x.s
      At line 265 in file ..\BSP\STM32F10x.s

CAN2_SCE_IRQHandler 0000001A

Symbol: CAN2_SCE_IRQHandler
   Definitions
      At line 330 in file ..\BSP\STM32F10x.s
   Uses
      At line 140 in file ..\BSP\STM32F10x.s
      At line 266 in file ..\BSP\STM32F10x.s

CAN2_TX_IRQHandler 0000001A

Symbol: CAN2_TX_IRQHandler
   Definitions
      At line 327 in file ..\BSP\STM32F10x.s
   Uses



ARM Macro Assembler    Page 2 Alphabetic symbol ordering
Relocatable symbols

      At line 137 in file ..\BSP\STM32F10x.s
      At line 263 in file ..\BSP\STM32F10x.s

CAN_RX1_IRQHandler 0000001A

Symbol: CAN_RX1_IRQHandler
   Definitions
      At line 291 in file ..\BSP\STM32F10x.s
   Uses
      At line 92 in file ..\BSP\STM32F10x.s
      At line 227 in file ..\BSP\STM32F10x.s

CAN_SCE_IRQHandler 0000001A

Symbol: CAN_SCE_IRQHandler
   Definitions
      At line 292 in file ..\BSP\STM32F10x.s
   Uses
      At line 93 in file ..\BSP\STM32F10x.s
      At line 228 in file ..\BSP\STM32F10x.s

DMA2_Channel1_IRQHandler 0000001A

Symbol: DMA2_Channel1_IRQHandler
   Definitions
      At line 320 in file ..\BSP\STM32F10x.s
   Uses
      At line 130 in file ..\BSP\STM32F10x.s
      At line 256 in file ..\BSP\STM32F10x.s

DMA2_Channel2_IRQHandler 0000001A

Symbol: DMA2_Channel2_IRQHandler
   Definitions
      At line 321 in file ..\BSP\STM32F10x.s
   Uses
      At line 131 in file ..\BSP\STM32F10x.s
      At line 257 in file ..\BSP\STM32F10x.s

DMA2_Channel3_IRQHandler 0000001A

Symbol: DMA2_Channel3_IRQHandler
   Definitions
      At line 322 in file ..\BSP\STM32F10x.s
   Uses
      At line 132 in file ..\BSP\STM32F10x.s
      At line 258 in file ..\BSP\STM32F10x.s

DMA2_Channel4_IRQHandler 0000001A

Symbol: DMA2_Channel4_IRQHandler
   Definitions
      At line 323 in file ..\BSP\STM32F10x.s
   Uses
      At line 133 in file ..\BSP\STM32F10x.s
      At line 259 in file ..\BSP\STM32F10x.s

DMA2_Channel5_IRQHandler 0000001A




ARM Macro Assembler    Page 3 Alphabetic symbol ordering
Relocatable symbols

Symbol: DMA2_Channel5_IRQHandler
   Definitions
      At line 324 in file ..\BSP\STM32F10x.s
   Uses
      At line 134 in file ..\BSP\STM32F10x.s
      At line 260 in file ..\BSP\STM32F10x.s

DMAChannel1_IRQHandler 0000001A

Symbol: DMAChannel1_IRQHandler
   Definitions
      At line 281 in file ..\BSP\STM32F10x.s
   Uses
      At line 82 in file ..\BSP\STM32F10x.s
      At line 217 in file ..\BSP\STM32F10x.s

DMAChannel2_IRQHandler 0000001A

Symbol: DMAChannel2_IRQHandler
   Definitions
      At line 282 in file ..\BSP\STM32F10x.s
   Uses
      At line 83 in file ..\BSP\STM32F10x.s
      At line 218 in file ..\BSP\STM32F10x.s

DMAChannel3_IRQHandler 0000001A

Symbol: DMAChannel3_IRQHandler
   Definitions
      At line 283 in file ..\BSP\STM32F10x.s
   Uses
      At line 84 in file ..\BSP\STM32F10x.s
      At line 219 in file ..\BSP\STM32F10x.s

DMAChannel4_IRQHandler 0000001A

Symbol: DMAChannel4_IRQHandler
   Definitions
      At line 284 in file ..\BSP\STM32F10x.s
   Uses
      At line 85 in file ..\BSP\STM32F10x.s
      At line 220 in file ..\BSP\STM32F10x.s

DMAChannel5_IRQHandler 0000001A

Symbol: DMAChannel5_IRQHandler
   Definitions
      At line 285 in file ..\BSP\STM32F10x.s
   Uses
      At line 86 in file ..\BSP\STM32F10x.s
      At line 221 in file ..\BSP\STM32F10x.s

DMAChannel6_IRQHandler 0000001A

Symbol: DMAChannel6_IRQHandler
   Definitions
      At line 286 in file ..\BSP\STM32F10x.s
   Uses
      At line 87 in file ..\BSP\STM32F10x.s



ARM Macro Assembler    Page 4 Alphabetic symbol ordering
Relocatable symbols

      At line 222 in file ..\BSP\STM32F10x.s

DMAChannel7_IRQHandler 0000001A

Symbol: DMAChannel7_IRQHandler
   Definitions
      At line 287 in file ..\BSP\STM32F10x.s
   Uses
      At line 88 in file ..\BSP\STM32F10x.s
      At line 223 in file ..\BSP\STM32F10x.s

DebugMon_Handler 00000014

Symbol: DebugMon_Handler
   Definitions
      At line 191 in file ..\BSP\STM32F10x.s
   Uses
      At line 65 in file ..\BSP\STM32F10x.s
      At line 192 in file ..\BSP\STM32F10x.s

Default_Handler 0000001A

Symbol: Default_Handler
   Definitions
      At line 204 in file ..\BSP\STM32F10x.s
   Uses
      None
Comment: Default_Handler unused
ETH_IRQHandler 0000001A

Symbol: ETH_IRQHandler
   Definitions
      At line 325 in file ..\BSP\STM32F10x.s
   Uses
      At line 135 in file ..\BSP\STM32F10x.s
      At line 261 in file ..\BSP\STM32F10x.s

ETH_WKUP_IRQHandler 0000001A

Symbol: ETH_WKUP_IRQHandler
   Definitions
      At line 326 in file ..\BSP\STM32F10x.s
   Uses
      At line 136 in file ..\BSP\STM32F10x.s
      At line 262 in file ..\BSP\STM32F10x.s

EXTI0_IRQHandler 0000001A

Symbol: EXTI0_IRQHandler
   Definitions
      At line 276 in file ..\BSP\STM32F10x.s
   Uses
      At line 77 in file ..\BSP\STM32F10x.s
      At line 212 in file ..\BSP\STM32F10x.s

EXTI15_10_IRQHandler 0000001A

Symbol: EXTI15_10_IRQHandler
   Definitions



ARM Macro Assembler    Page 5 Alphabetic symbol ordering
Relocatable symbols

      At line 310 in file ..\BSP\STM32F10x.s
   Uses
      At line 112 in file ..\BSP\STM32F10x.s
      At line 246 in file ..\BSP\STM32F10x.s

EXTI1_IRQHandler 0000001A

Symbol: EXTI1_IRQHandler
   Definitions
      At line 277 in file ..\BSP\STM32F10x.s
   Uses
      At line 78 in file ..\BSP\STM32F10x.s
      At line 213 in file ..\BSP\STM32F10x.s

EXTI2_IRQHandler 0000001A

Symbol: EXTI2_IRQHandler
   Definitions
      At line 278 in file ..\BSP\STM32F10x.s
   Uses
      At line 79 in file ..\BSP\STM32F10x.s
      At line 214 in file ..\BSP\STM32F10x.s

EXTI3_IRQHandler 0000001A

Symbol: EXTI3_IRQHandler
   Definitions
      At line 279 in file ..\BSP\STM32F10x.s
   Uses
      At line 80 in file ..\BSP\STM32F10x.s
      At line 215 in file ..\BSP\STM32F10x.s

EXTI4_IRQHandler 0000001A

Symbol: EXTI4_IRQHandler
   Definitions
      At line 280 in file ..\BSP\STM32F10x.s
   Uses
      At line 81 in file ..\BSP\STM32F10x.s
      At line 216 in file ..\BSP\STM32F10x.s

EXTI9_5_IRQHandler 0000001A

Symbol: EXTI9_5_IRQHandler
   Definitions
      At line 293 in file ..\BSP\STM32F10x.s
   Uses
      At line 94 in file ..\BSP\STM32F10x.s
      At line 229 in file ..\BSP\STM32F10x.s

FLASH_IRQHandler 0000001A

Symbol: FLASH_IRQHandler
   Definitions
      At line 274 in file ..\BSP\STM32F10x.s
   Uses
      At line 75 in file ..\BSP\STM32F10x.s
      At line 210 in file ..\BSP\STM32F10x.s




ARM Macro Assembler    Page 6 Alphabetic symbol ordering
Relocatable symbols

HardFault_Handler 0000000A

Symbol: HardFault_Handler
   Definitions
      At line 167 in file ..\BSP\STM32F10x.s
   Uses
      At line 56 in file ..\BSP\STM32F10x.s
      At line 168 in file ..\BSP\STM32F10x.s

I2C1_ER_IRQHandler 0000001A

Symbol: I2C1_ER_IRQHandler
   Definitions
      At line 302 in file ..\BSP\STM32F10x.s
   Uses
      At line 104 in file ..\BSP\STM32F10x.s
      At line 238 in file ..\BSP\STM32F10x.s

I2C1_EV_IRQHandler 0000001A

Symbol: I2C1_EV_IRQHandler
   Definitions
      At line 301 in file ..\BSP\STM32F10x.s
   Uses
      At line 103 in file ..\BSP\STM32F10x.s
      At line 237 in file ..\BSP\STM32F10x.s

I2C2_ER_IRQHandler 0000001A

Symbol: I2C2_ER_IRQHandler
   Definitions
      At line 304 in file ..\BSP\STM32F10x.s
   Uses
      At line 106 in file ..\BSP\STM32F10x.s
      At line 240 in file ..\BSP\STM32F10x.s

I2C2_EV_IRQHandler 0000001A

Symbol: I2C2_EV_IRQHandler
   Definitions
      At line 303 in file ..\BSP\STM32F10x.s
   Uses
      At line 105 in file ..\BSP\STM32F10x.s
      At line 239 in file ..\BSP\STM32F10x.s

MemManage_Handler 0000000C

Symbol: MemManage_Handler
   Definitions
      At line 172 in file ..\BSP\STM32F10x.s
   Uses
      At line 57 in file ..\BSP\STM32F10x.s
      At line 173 in file ..\BSP\STM32F10x.s

NMI_Handler 00000008

Symbol: NMI_Handler
   Definitions
      At line 162 in file ..\BSP\STM32F10x.s



ARM Macro Assembler    Page 7 Alphabetic symbol ordering
Relocatable symbols

   Uses
      At line 55 in file ..\BSP\STM32F10x.s
      At line 163 in file ..\BSP\STM32F10x.s

OTG_FS_IRQHandler 0000001A

Symbol: OTG_FS_IRQHandler
   Definitions
      At line 331 in file ..\BSP\STM32F10x.s
   Uses
      At line 141 in file ..\BSP\STM32F10x.s
      At line 267 in file ..\BSP\STM32F10x.s

PVD_IRQHandler 0000001A

Symbol: PVD_IRQHandler
   Definitions
      At line 271 in file ..\BSP\STM32F10x.s
   Uses
      At line 72 in file ..\BSP\STM32F10x.s
      At line 207 in file ..\BSP\STM32F10x.s

PendSV_Handler 00000016

Symbol: PendSV_Handler
   Definitions
      At line 195 in file ..\BSP\STM32F10x.s
   Uses
      At line 196 in file ..\BSP\STM32F10x.s
Comment: PendSV_Handler used once
RCC_IRQHandler 0000001A

Symbol: RCC_IRQHandler
   Definitions
      At line 275 in file ..\BSP\STM32F10x.s
   Uses
      At line 76 in file ..\BSP\STM32F10x.s
      At line 211 in file ..\BSP\STM32F10x.s

RTCAlarm_IRQHandler 0000001A

Symbol: RTCAlarm_IRQHandler
   Definitions
      At line 311 in file ..\BSP\STM32F10x.s
   Uses
      At line 113 in file ..\BSP\STM32F10x.s
      At line 247 in file ..\BSP\STM32F10x.s

RTC_IRQHandler 0000001A

Symbol: RTC_IRQHandler
   Definitions
      At line 273 in file ..\BSP\STM32F10x.s
   Uses
      At line 74 in file ..\BSP\STM32F10x.s
      At line 209 in file ..\BSP\STM32F10x.s

Reset_Handler 00000000




ARM Macro Assembler    Page 8 Alphabetic symbol ordering
Relocatable symbols

Symbol: Reset_Handler
   Definitions
      At line 149 in file ..\BSP\STM32F10x.s
   Uses
      At line 54 in file ..\BSP\STM32F10x.s
      At line 150 in file ..\BSP\STM32F10x.s

SPI1_IRQHandler 0000001A

Symbol: SPI1_IRQHandler
   Definitions
      At line 305 in file ..\BSP\STM32F10x.s
   Uses
      At line 107 in file ..\BSP\STM32F10x.s
      At line 241 in file ..\BSP\STM32F10x.s

SPI2_IRQHandler 0000001A

Symbol: SPI2_IRQHandler
   Definitions
      At line 306 in file ..\BSP\STM32F10x.s
   Uses
      At line 108 in file ..\BSP\STM32F10x.s
      At line 242 in file ..\BSP\STM32F10x.s

SPI3_IRQHandler 0000001A

Symbol: SPI3_IRQHandler
   Definitions
      At line 315 in file ..\BSP\STM32F10x.s
   Uses
      At line 125 in file ..\BSP\STM32F10x.s
      At line 251 in file ..\BSP\STM32F10x.s

SVC_Handler 00000012

Symbol: SVC_Handler
   Definitions
      At line 186 in file ..\BSP\STM32F10x.s
   Uses
      At line 187 in file ..\BSP\STM32F10x.s
Comment: SVC_Handler used once
SysTick_Handler 00000018

Symbol: SysTick_Handler
   Definitions
      At line 199 in file ..\BSP\STM32F10x.s
   Uses
      At line 200 in file ..\BSP\STM32F10x.s
Comment: SysTick_Handler used once
TAMPER_IRQHandler 0000001A

Symbol: TAMPER_IRQHandler
   Definitions
      At line 272 in file ..\BSP\STM32F10x.s
   Uses
      At line 73 in file ..\BSP\STM32F10x.s
      At line 208 in file ..\BSP\STM32F10x.s




ARM Macro Assembler    Page 9 Alphabetic symbol ordering
Relocatable symbols

TIM1_BRK_IRQHandler 0000001A

Symbol: TIM1_BRK_IRQHandler
   Definitions
      At line 294 in file ..\BSP\STM32F10x.s
   Uses
      At line 95 in file ..\BSP\STM32F10x.s
      At line 230 in file ..\BSP\STM32F10x.s

TIM1_CC_IRQHandler 0000001A

Symbol: TIM1_CC_IRQHandler
   Definitions
      At line 297 in file ..\BSP\STM32F10x.s
   Uses
      At line 98 in file ..\BSP\STM32F10x.s
      At line 233 in file ..\BSP\STM32F10x.s

TIM1_TRG_COM_IRQHandler 0000001A

Symbol: TIM1_TRG_COM_IRQHandler
   Definitions
      At line 296 in file ..\BSP\STM32F10x.s
   Uses
      At line 97 in file ..\BSP\STM32F10x.s
      At line 232 in file ..\BSP\STM32F10x.s

TIM1_UP_IRQHandler 0000001A

Symbol: TIM1_UP_IRQHandler
   Definitions
      At line 295 in file ..\BSP\STM32F10x.s
   Uses
      At line 96 in file ..\BSP\STM32F10x.s
      At line 231 in file ..\BSP\STM32F10x.s

TIM2_IRQHandler 0000001A

Symbol: TIM2_IRQHandler
   Definitions
      At line 298 in file ..\BSP\STM32F10x.s
   Uses
      At line 234 in file ..\BSP\STM32F10x.s
Comment: TIM2_IRQHandler used once
TIM3_IRQHandler 0000001A

Symbol: TIM3_IRQHandler
   Definitions
      At line 299 in file ..\BSP\STM32F10x.s
   Uses
      At line 101 in file ..\BSP\STM32F10x.s
      At line 235 in file ..\BSP\STM32F10x.s

TIM4_IRQHandler 0000001A

Symbol: TIM4_IRQHandler
   Definitions
      At line 300 in file ..\BSP\STM32F10x.s
   Uses



ARM Macro Assembler    Page 10 Alphabetic symbol ordering
Relocatable symbols

      At line 102 in file ..\BSP\STM32F10x.s
      At line 236 in file ..\BSP\STM32F10x.s

TIM5_IRQHandler 0000001A

Symbol: TIM5_IRQHandler
   Definitions
      At line 314 in file ..\BSP\STM32F10x.s
   Uses
      At line 124 in file ..\BSP\STM32F10x.s
      At line 250 in file ..\BSP\STM32F10x.s

TIM6_IRQHandler 0000001A

Symbol: TIM6_IRQHandler
   Definitions
      At line 318 in file ..\BSP\STM32F10x.s
   Uses
      At line 128 in file ..\BSP\STM32F10x.s
      At line 254 in file ..\BSP\STM32F10x.s

TIM7_IRQHandler 0000001A

Symbol: TIM7_IRQHandler
   Definitions
      At line 319 in file ..\BSP\STM32F10x.s
   Uses
      At line 129 in file ..\BSP\STM32F10x.s
      At line 255 in file ..\BSP\STM32F10x.s

UART4_IRQHandler 0000001A

Symbol: UART4_IRQHandler
   Definitions
      At line 316 in file ..\BSP\STM32F10x.s
   Uses
      At line 126 in file ..\BSP\STM32F10x.s
      At line 252 in file ..\BSP\STM32F10x.s

UART5_IRQHandler 0000001A

Symbol: UART5_IRQHandler
   Definitions
      At line 317 in file ..\BSP\STM32F10x.s
   Uses
      At line 127 in file ..\BSP\STM32F10x.s
      At line 253 in file ..\BSP\STM32F10x.s

USART1_IRQHandler 0000001A

Symbol: USART1_IRQHandler
   Definitions
      At line 307 in file ..\BSP\STM32F10x.s
   Uses
      At line 243 in file ..\BSP\STM32F10x.s
Comment: USART1_IRQHandler used once
USART2_IRQHandler 0000001A

Symbol: USART2_IRQHandler



ARM Macro Assembler    Page 11 Alphabetic symbol ordering
Relocatable symbols

   Definitions
      At line 308 in file ..\BSP\STM32F10x.s
   Uses
      At line 110 in file ..\BSP\STM32F10x.s
      At line 244 in file ..\BSP\STM32F10x.s

USART3_IRQHandler 0000001A

Symbol: USART3_IRQHandler
   Definitions
      At line 309 in file ..\BSP\STM32F10x.s
   Uses
      At line 111 in file ..\BSP\STM32F10x.s
      At line 245 in file ..\BSP\STM32F10x.s

USBWakeUp_IRQHandler 0000001A

Symbol: USBWakeUp_IRQHandler
   Definitions
      At line 312 in file ..\BSP\STM32F10x.s
   Uses
      At line 114 in file ..\BSP\STM32F10x.s
      At line 248 in file ..\BSP\STM32F10x.s

USB_HP_CAN_TX_IRQHandler 0000001A

Symbol: USB_HP_CAN_TX_IRQHandler
   Definitions
      At line 289 in file ..\BSP\STM32F10x.s
   Uses
      At line 90 in file ..\BSP\STM32F10x.s
      At line 225 in file ..\BSP\STM32F10x.s

USB_LP_CAN_RX0_IRQHandler 0000001A

Symbol: USB_LP_CAN_RX0_IRQHandler
   Definitions
      At line 290 in file ..\BSP\STM32F10x.s
   Uses
      At line 91 in file ..\BSP\STM32F10x.s
      At line 226 in file ..\BSP\STM32F10x.s

UsageFault_Handler 00000010

Symbol: UsageFault_Handler
   Definitions
      At line 182 in file ..\BSP\STM32F10x.s
   Uses
      At line 59 in file ..\BSP\STM32F10x.s
      At line 183 in file ..\BSP\STM32F10x.s

WWDG_IRQHandler 0000001A

Symbol: WWDG_IRQHandler
   Definitions
      At line 270 in file ..\BSP\STM32F10x.s
   Uses
      At line 71 in file ..\BSP\STM32F10x.s
      At line 206 in file ..\BSP\STM32F10x.s



ARM Macro Assembler    Page 12 Alphabetic symbol ordering
Relocatable symbols


73 symbols



ARM Macro Assembler    Page 1 Alphabetic symbol ordering
Absolute symbols

Heap_Size 00000200

Symbol: Heap_Size
   Definitions
      At line 29 in file ..\BSP\STM32F10x.s
   Uses
      At line 33 in file ..\BSP\STM32F10x.s
Comment: Heap_Size used once
Stack_Size 00000400

Symbol: Stack_Size
   Definitions
      At line 18 in file ..\BSP\STM32F10x.s
   Uses
      At line 21 in file ..\BSP\STM32F10x.s
Comment: Stack_Size used once
__Vectors_Size 00000150

Symbol: __Vectors_Size
   Definitions
      At line 144 in file ..\BSP\STM32F10x.s
   Uses
      At line 51 in file ..\BSP\STM32F10x.s
Comment: __Vectors_Size used once
3 symbols



ARM Macro Assembler    Page 1 Alphabetic symbol ordering
External symbols

SystemInit 00000000

Symbol: SystemInit
   Definitions
      At line 151 in file ..\BSP\STM32F10x.s
   Uses
      At line 153 in file ..\BSP\STM32F10x.s
Comment: SystemInit used once
__main 00000000

Symbol: __main
   Definitions
      At line 152 in file ..\BSP\STM32F10x.s
   Uses
      At line 155 in file ..\BSP\STM32F10x.s
Comment: __main used once
vPortSVCHandler 00000000

Symbol: vPortSVCHandler
   Definitions
      At line 38 in file ..\BSP\STM32F10x.s
   Uses
      At line 64 in file ..\BSP\STM32F10x.s
Comment: vPortSVCHandler used once
vUARTInterruptHandler 00000000

Symbol: vUARTInterruptHandler
   Definitions
      At line 39 in file ..\BSP\STM32F10x.s
   Uses
      At line 109 in file ..\BSP\STM32F10x.s
Comment: vUARTInterruptHandler used once
xPortPendSVHandler 00000000

Symbol: xPortPendSVHandler
   Definitions
      At line 36 in file ..\BSP\STM32F10x.s
   Uses
      At line 67 in file ..\BSP\STM32F10x.s
Comment: xPortPendSVHandler used once
xPortSysTickHandler 00000000

Symbol: xPortSysTickHandler
   Definitions
      At line 37 in file ..\BSP\STM32F10x.s
   Uses
      At line 68 in file ..\BSP\STM32F10x.s
Comment: xPortSysTickHandler used once
6 symbols
425 symbols in table
